{
    "$schema": "schema.json",
    "type": "FeatureCollection",
    "horizontalCRS": "epsg:4167",
    "id": null,
    "name": "DP 572532",
    "purpose": "LT Subdivision",
    "referencedCSDs": [
        {
            "id": null,
            "name": "DP 119552",
            "adminUnit": {
                "href": null,
                "rel": null,
                "role": null
            },
            "bearingRotation": 0.001,
            "time": "2022-05-23 00:00:00"
        }
    ],
    "links": [],
    "provenance": {},
    "features": [
        {
            "id": "1725787",
            "type": "Feature",
            "featureType": "SurveyPoint",
            "geometry": {
                "type": "Point",
                "coordinates": [
                    -36.9307359096,
                    174.7501603083
                ]
            },
            "place": {
                "type": "Point",
                "coordinates": [
                    174.7501603083,
                    -36.9307359096
                ]
            },
            "properties": {
                "name": {
                    "label": "RM E DP 119552",
                    "hasPart": [
                        {
                            "type": "Source",
                            "label": "DP 119552"
                        },
                        {
                            "type": "Stamp",
                            "label": "RM E"
                        }
                    ]
                },
                "purpose": "nz-surveypoint-purpose:boundary",
                "fromSurvey": "DP 119552",
                "comment": "ALP in channel of drive",
                "occupation": {
                    "comment": "No occupation"
                },
                "monumentedBy": {
                    "form": "nz-monument-form:plaque",
                    "condition": "nz-monument-condition:markfound",
                    "state": "nz-monument-state:original"
                }
            }
        },
        {
            "id": "44396823",
            "type": "Feature",
            "featureType": "SurveyPoint",
            "geometry": {
                "type": "Point",
                "coordinates": [
                    -36.9314093194,
                    174.7508196767
                ]
            },
            "place": {
                "type": "Point",
                "coordinates": [
                    174.7508196767,
                    -36.9314093194
                ]
            },
            "properties": {
                "name": {
                    "label": "ALP I DP 481392",
                    "hasPart": [
                        {
                            "type": "Source",
                            "label": "DP 481392"
                        },
                        {
                            "type": "Stamp",
                            "label": "ALP I"
                        }
                    ]
                },
                "purpose": "nz-surveypoint-purpose:nonBoundary",
                "occupation": {
                    "comment": "ALP in channel of drive"
                },
                "monumentedBy": {
                    "form": "nz-monument-form:pin",
                    "condition": "nz-monument-condition:markfound",
                    "state": "nz-monument-state:original"
                }
            }
        },
        {
            "id": "11745104",
            "type": "Feature",
            "featureType": "SurveyPoint",
            "geometry": {
                "type": "Point",
                "coordinates": [
                    -36.930903937,
                    174.749997996
                ]
            },
            "place": {
                "type": "Point",
                "coordinates": [
                    174.749997996,
                    -36.930903937
                ]
            },
            "properties": {
                "geodeticid": "XX FFF",
                "name": {
                    "label": "RM C DP 119552 (EQ9W)",
                    "hasPart": [
                        {
                            "type": "PlanType",
                            "label": "DP"
                        },
                        {
                            "type": "Stamp",
                            "label": "119552"
                        },
                        {
                            "type": "MarkType",
                            "label": "RM"
                        },
                        {
                            "type": "Stamp",
                            "label": "C"
                        },
                        {
                            "type": "geodeticStamp",
                            "label": "EQ9W"
                        }
                    ]
                },
                "occupation": {
                    "comment": "ALP in channel of drive"
                },
                "purpose": "prm",
                "monumentedBy": {
                    "form": "nz-monument-form:pin",
                    "condition": "nz-monument-condition:markfound",
                    "state": "nz-monument-state:original"
                }
            }
        },
        {
            "id": "l973158",
            "type": "Feature",
            "featureType": "sosa:ObservationCollection",
            "geometry": {
                "type": "LineString",
                "featureType": "observation",
                "coordinates": [
                    [
                        -36.9307359096,
                        174.7501603083
                    ],
                    [
                        -36.930903937,
                        174.749997996
                    ]
                ]
            },
            "place": {
                "type": "LineString",
                "featureType": "observation",
                "coordinates": [
                    [
                        174.7501603083,
                        -36.9307359096
                    ],
                    [
                        174.749997996,
                        -36.930903937
                    ]
                ]
            },
            "properties": {
                "name": {
                    "label": "l973158",
                    "hasPart": []
                },
                "purpose": "nz-surveypoint-purpose:boundary",
                "fromSurvey": "DP 119552",
                "comment": null,
                "occupation": {
                    "comment": "No occupation"
                },
                "monumentedBy": {
                    "form": "nz-monument-form:plaque",
                    "condition": "nz-monument-condition:markfound",
                    "state": "nz-monument-state:original"
                },
                "distance": null,
                "azimuth": null,
                "ptQuality": null
            }
        }
    ]
}